<?xml version="1.0" encoding="UTF-8"?>
<!-- Generated by org.testng.reporters.JUnitXMLReporter -->
<testsuite ignored="0" hostname="192.168.1.6" failures="0" tests="3" name="Open Cart Login Page Test" time="9.647" errors="0" timestamp="07 Mar 2023 17:27:20 GMT">
  <testcase classname="com.qa.opencart.tests.LoginPageTest" name="loginPageNavigation" time="0.56"/>
  <testcase classname="com.qa.opencart.tests.LoginPageTest" name="forgotPPwsLinkExistTest" time="0.03"/>
  <testcase classname="com.qa.opencart.tests.LoginPageTest" name="appLoginTest" time="0.73"/>
</testsuite> <!-- Open Cart Login Page Test -->
