<?xml version="1.0" encoding="UTF-8"?>
<!-- Generated by org.testng.reporters.JUnitXMLReporter -->
<testsuite ignored="0" hostname="192.168.1.6" failures="0" tests="5" name="Open Cart Home Page Test" time="10.534" errors="0" timestamp="07 Mar 2023 17:27:21 GMT">
  <testcase classname="com.qa.opencart.tests.HomePageTest" name="homePageTitleTest" time="0.015"/>
  <testcase classname="com.qa.opencart.tests.HomePageTest" name="homePageURLTest" time="0.001"/>
  <testcase classname="com.qa.opencart.tests.HomePageTest" name="searchTest" time="0.591"/>
  <testcase classname="com.qa.opencart.tests.HomePageTest" name="searchTest" time="0.569"/>
  <testcase classname="com.qa.opencart.tests.HomePageTest" name="searchTest" time="0.608"/>
</testsuite> <!-- Open Cart Home Page Test -->
