<?xml version="1.0" encoding="UTF-8"?>
<!-- Generated by org.testng.reporters.JUnitXMLReporter -->
<testsuite ignored="0" hostname="192.168.1.6" failures="0" tests="5" name="Open Cart Home Page Test" time="8.702" errors="0" timestamp="07 Mar 2023 03:28:23 GMT">
  <testcase classname="com.qa.opencart.tests.HomePageTest" name="homePageTitleTest" time="0.021"/>
  <testcase classname="com.qa.opencart.tests.HomePageTest" name="homePageURLTest" time="0.004"/>
  <testcase classname="com.qa.opencart.tests.HomePageTest" name="searchTest" time="0.558"/>
  <testcase classname="com.qa.opencart.tests.HomePageTest" name="searchTest" time="0.549"/>
  <testcase classname="com.qa.opencart.tests.HomePageTest" name="searchTest" time="0.504"/>
</testsuite> <!-- Open Cart Home Page Test -->
