<?xml version="1.0" encoding="UTF-8"?>
<testsuite xmlns:xsi="http://www.w3.org/2001/XMLSchema-instance" xsi:schemaLocation="https://maven.apache.org/surefire/maven-surefire-plugin/xsd/surefire-test-report.xsd" name="TestSuite" time="79.183" tests="10" errors="0" skipped="9" failures="1">
  <properties>
[...]
</properties>
  <testcase name="setup" classname="com.qa.opencart.tests.HomePageTest" time="79.056">
    <failure message="Error {&#10;  message=&apos;WebSocket error: connect ETIMEDOUT 172.18.0.5:4444&#10;=========================== logs ===========================&#10;&lt;selenium&gt; connecting to http://localhost:4444/wd/hub/&#10;&lt;selenium&gt; connected to sessionId=99f143cd7f13e571b848aab53de7e236&#10;&lt;selenium&gt; using selenium v4&#10;&lt;selenium&gt; retrieved endpoint ws://172.18.0.5:4444/session/99f143cd7f13e571b848aab53de7e236/se/cdp for sessionId=99f143cd7f13e571b848aab53de7e236&#10;&lt;ws connecting&gt; ws://172.18.0.5:4444/session/99f143cd7f13e571b848aab53de7e236/se/cdp&#10;&lt;ws error&gt; [object Object]&#10;&lt;ws connect error&gt; ws://172.18.0.5:4444/session/99f143cd7f13e571b848aab53de7e236/se/cdp connect ETIMEDOUT 172.18.0.5:4444&#10;&lt;ws disconnected&gt; ws://172.18.0.5:4444/session/99f143cd7f13e571b848aab53de7e236/se/cdp code=1006 reason=&#10;&lt;selenium&gt; disconnecting from sessionId=99f143cd7f13e571b848aab53de7e236&#10;&lt;selenium&gt; disconnected from sessionId=99f143cd7f13e571b848aab53de7e236&#10;============================================================&#10;  name=&apos;Error&#10;  stack=&apos;Error: WebSocket error: connect ETIMEDOUT 172.18.0.5:4444&#10;=========================== logs ===========================&#10;&lt;selenium&gt; connecting to http://localhost:4444/wd/hub/&#10;&lt;selenium&gt; connected to sessionId=99f143cd7f13e571b848aab53de7e236&#10;&lt;selenium&gt; using selenium v4&#10;&lt;selenium&gt; retrieved endpoint ws://172.18.0.5:4444/session/99f143cd7f13e571b848aab53de7e236/se/cdp for sessionId=99f143cd7f13e571b848aab53de7e236&#10;&lt;ws connecting&gt; ws://172.18.0.5:4444/session/99f143cd7f13e571b848aab53de7e236/se/cdp&#10;&lt;ws error&gt; [object Object]&#10;&lt;ws connect error&gt; ws://172.18.0.5:4444/session/99f143cd7f13e571b848aab53de7e236/se/cdp connect ETIMEDOUT 172.18.0.5:4444&#10;&lt;ws disconnected&gt; ws://172.18.0.5:4444/session/99f143cd7f13e571b848aab53de7e236/se/cdp code=1006 reason=&#10;&lt;selenium&gt; disconnecting from sessionId=99f143cd7f13e571b848aab53de7e236&#10;&lt;selenium&gt; disconnected from sessionId=99f143cd7f13e571b848aab53de7e236&#10;============================================================&#10;    at X.&lt;anonymous&gt; (/private/var/folders/qr/qn4_v81x63n6kwrsj0rv37b40000gp/T/playwright-java-7035418253109300097/package/lib/server/transport.js:44:16)&#10;    at X.i (/private/var/folders/qr/qn4_v81x63n6kwrsj0rv37b40000gp/T/playwright-java-7035418253109300097/package/lib/utilsBundleImpl.js:38:24151)&#10;    at X.emit (node:events:539:35)&#10;    at fo (/private/var/folders/qr/qn4_v81x63n6kwrsj0rv37b40000gp/T/playwright-java-7035418253109300097/package/lib/utilsBundleImpl.js:38:36211)&#10;    at ClientRequest.&lt;anonymous&gt; (/private/var/folders/qr/qn4_v81x63n6kwrsj0rv37b40000gp/T/playwright-java-7035418253109300097/package/lib/utilsBundleImpl.js:38:34667)&#10;    at ClientRequest.emit (node:events:527:28)&#10;    at Socket.socketErrorListener (node:_http_client:454:9)&#10;    at Socket.emit (node:events:527:28)&#10;    at emitErrorNT (node:internal/streams/destroy:157:8)&#10;    at emitErrorCloseNT (node:internal/streams/destroy:122:3)&#10;}" type="com.microsoft.playwright.PlaywrightException"><![CDATA[com.microsoft.playwright.PlaywrightException: 
Error {
  message='WebSocket error: connect ETIMEDOUT 172.18.0.5:4444
=========================== logs ===========================
<selenium> connecting to http://localhost:4444/wd/hub/
<selenium> connected to sessionId=99f143cd7f13e571b848aab53de7e236
<selenium> using selenium v4
<selenium> retrieved endpoint ws://172.18.0.5:4444/session/99f143cd7f13e571b848aab53de7e236/se/cdp for sessionId=99f143cd7f13e571b848aab53de7e236
<ws connecting> ws://172.18.0.5:4444/session/99f143cd7f13e571b848aab53de7e236/se/cdp
<ws error> [object Object]
<ws connect error> ws://172.18.0.5:4444/session/99f143cd7f13e571b848aab53de7e236/se/cdp connect ETIMEDOUT 172.18.0.5:4444
<ws disconnected> ws://172.18.0.5:4444/session/99f143cd7f13e571b848aab53de7e236/se/cdp code=1006 reason=
<selenium> disconnecting from sessionId=99f143cd7f13e571b848aab53de7e236
<selenium> disconnected from sessionId=99f143cd7f13e571b848aab53de7e236
============================================================
  name='Error
  stack='Error: WebSocket error: connect ETIMEDOUT 172.18.0.5:4444
=========================== logs ===========================
<selenium> connecting to http://localhost:4444/wd/hub/
<selenium> connected to sessionId=99f143cd7f13e571b848aab53de7e236
<selenium> using selenium v4
<selenium> retrieved endpoint ws://172.18.0.5:4444/session/99f143cd7f13e571b848aab53de7e236/se/cdp for sessionId=99f143cd7f13e571b848aab53de7e236
<ws connecting> ws://172.18.0.5:4444/session/99f143cd7f13e571b848aab53de7e236/se/cdp
<ws error> [object Object]
<ws connect error> ws://172.18.0.5:4444/session/99f143cd7f13e571b848aab53de7e236/se/cdp connect ETIMEDOUT 172.18.0.5:4444
<ws disconnected> ws://172.18.0.5:4444/session/99f143cd7f13e571b848aab53de7e236/se/cdp code=1006 reason=
<selenium> disconnecting from sessionId=99f143cd7f13e571b848aab53de7e236
<selenium> disconnected from sessionId=99f143cd7f13e571b848aab53de7e236
============================================================
    at X.<anonymous> (/private/var/folders/qr/qn4_v81x63n6kwrsj0rv37b40000gp/T/playwright-java-7035418253109300097/package/lib/server/transport.js:44:16)
    at X.i (/private/var/folders/qr/qn4_v81x63n6kwrsj0rv37b40000gp/T/playwright-java-7035418253109300097/package/lib/utilsBundleImpl.js:38:24151)
    at X.emit (node:events:539:35)
    at fo (/private/var/folders/qr/qn4_v81x63n6kwrsj0rv37b40000gp/T/playwright-java-7035418253109300097/package/lib/utilsBundleImpl.js:38:36211)
    at ClientRequest.<anonymous> (/private/var/folders/qr/qn4_v81x63n6kwrsj0rv37b40000gp/T/playwright-java-7035418253109300097/package/lib/utilsBundleImpl.js:38:34667)
    at ClientRequest.emit (node:events:527:28)
    at Socket.socketErrorListener (node:_http_client:454:9)
    at Socket.emit (node:events:527:28)
    at emitErrorNT (node:internal/streams/destroy:157:8)
    at emitErrorCloseNT (node:internal/streams/destroy:122:3)
}
Caused by: com.microsoft.playwright.impl.DriverException: 
Error {
  message='WebSocket error: connect ETIMEDOUT 172.18.0.5:4444
=========================== logs ===========================
<selenium> connecting to http://localhost:4444/wd/hub/
<selenium> connected to sessionId=99f143cd7f13e571b848aab53de7e236
<selenium> using selenium v4
<selenium> retrieved endpoint ws://172.18.0.5:4444/session/99f143cd7f13e571b848aab53de7e236/se/cdp for sessionId=99f143cd7f13e571b848aab53de7e236
<ws connecting> ws://172.18.0.5:4444/session/99f143cd7f13e571b848aab53de7e236/se/cdp
<ws error> [object Object]
<ws connect error> ws://172.18.0.5:4444/session/99f143cd7f13e571b848aab53de7e236/se/cdp connect ETIMEDOUT 172.18.0.5:4444
<ws disconnected> ws://172.18.0.5:4444/session/99f143cd7f13e571b848aab53de7e236/se/cdp code=1006 reason=
<selenium> disconnecting from sessionId=99f143cd7f13e571b848aab53de7e236
<selenium> disconnected from sessionId=99f143cd7f13e571b848aab53de7e236
============================================================
  name='Error
  stack='Error: WebSocket error: connect ETIMEDOUT 172.18.0.5:4444
=========================== logs ===========================
<selenium> connecting to http://localhost:4444/wd/hub/
<selenium> connected to sessionId=99f143cd7f13e571b848aab53de7e236
<selenium> using selenium v4
<selenium> retrieved endpoint ws://172.18.0.5:4444/session/99f143cd7f13e571b848aab53de7e236/se/cdp for sessionId=99f143cd7f13e571b848aab53de7e236
<ws connecting> ws://172.18.0.5:4444/session/99f143cd7f13e571b848aab53de7e236/se/cdp
<ws error> [object Object]
<ws connect error> ws://172.18.0.5:4444/session/99f143cd7f13e571b848aab53de7e236/se/cdp connect ETIMEDOUT 172.18.0.5:4444
<ws disconnected> ws://172.18.0.5:4444/session/99f143cd7f13e571b848aab53de7e236/se/cdp code=1006 reason=
<selenium> disconnecting from sessionId=99f143cd7f13e571b848aab53de7e236
<selenium> disconnected from sessionId=99f143cd7f13e571b848aab53de7e236
============================================================
    at X.<anonymous> (/private/var/folders/qr/qn4_v81x63n6kwrsj0rv37b40000gp/T/playwright-java-7035418253109300097/package/lib/server/transport.js:44:16)
    at X.i (/private/var/folders/qr/qn4_v81x63n6kwrsj0rv37b40000gp/T/playwright-java-7035418253109300097/package/lib/utilsBundleImpl.js:38:24151)
    at X.emit (node:events:539:35)
    at fo (/private/var/folders/qr/qn4_v81x63n6kwrsj0rv37b40000gp/T/playwright-java-7035418253109300097/package/lib/utilsBundleImpl.js:38:36211)
    at ClientRequest.<anonymous> (/private/var/folders/qr/qn4_v81x63n6kwrsj0rv37b40000gp/T/playwright-java-7035418253109300097/package/lib/utilsBundleImpl.js:38:34667)
    at ClientRequest.emit (node:events:527:28)
    at Socket.socketErrorListener (node:_http_client:454:9)
    at Socket.emit (node:events:527:28)
    at emitErrorNT (node:internal/streams/destroy:157:8)
    at emitErrorCloseNT (node:internal/streams/destroy:122:3)
}
]]></failure>
    <system-out><![CDATA[browser name is : chromium
]]></system-out>
  </testcase>
  <testcase name="homePageTitleTest" classname="com.qa.opencart.tests.HomePageTest" time="0">
    <skipped message="Error {&#10;  message=&apos;WebSocket error: connect ETIMEDOUT 172.18.0.5:4444&#10;=========================== logs ===========================&#10;&lt;selenium&gt; connecting to http://localhost:4444/wd/hub/&#10;&lt;selenium&gt; connected to sessionId=99f143cd7f13e571b848aab53de7e236&#10;&lt;selenium&gt; using selenium v4&#10;&lt;selenium&gt; retrieved endpoint ws://172.18.0.5:4444/session/99f143cd7f13e571b848aab53de7e236/se/cdp for sessionId=99f143cd7f13e571b848aab53de7e236&#10;&lt;ws connecting&gt; ws://172.18.0.5:4444/session/99f143cd7f13e571b848aab53de7e236/se/cdp&#10;&lt;ws error&gt; [object Object]&#10;&lt;ws connect error&gt; ws://172.18.0.5:4444/session/99f143cd7f13e571b848aab53de7e236/se/cdp connect ETIMEDOUT 172.18.0.5:4444&#10;&lt;ws disconnected&gt; ws://172.18.0.5:4444/session/99f143cd7f13e571b848aab53de7e236/se/cdp code=1006 reason=&#10;&lt;selenium&gt; disconnecting from sessionId=99f143cd7f13e571b848aab53de7e236&#10;&lt;selenium&gt; disconnected from sessionId=99f143cd7f13e571b848aab53de7e236&#10;============================================================&#10;  name=&apos;Error&#10;  stack=&apos;Error: WebSocket error: connect ETIMEDOUT 172.18.0.5:4444&#10;=========================== logs ===========================&#10;&lt;selenium&gt; connecting to http://localhost:4444/wd/hub/&#10;&lt;selenium&gt; connected to sessionId=99f143cd7f13e571b848aab53de7e236&#10;&lt;selenium&gt; using selenium v4&#10;&lt;selenium&gt; retrieved endpoint ws://172.18.0.5:4444/session/99f143cd7f13e571b848aab53de7e236/se/cdp for sessionId=99f143cd7f13e571b848aab53de7e236&#10;&lt;ws connecting&gt; ws://172.18.0.5:4444/session/99f143cd7f13e571b848aab53de7e236/se/cdp&#10;&lt;ws error&gt; [object Object]&#10;&lt;ws connect error&gt; ws://172.18.0.5:4444/session/99f143cd7f13e571b848aab53de7e236/se/cdp connect ETIMEDOUT 172.18.0.5:4444&#10;&lt;ws disconnected&gt; ws://172.18.0.5:4444/session/99f143cd7f13e571b848aab53de7e236/se/cdp code=1006 reason=&#10;&lt;selenium&gt; disconnecting from sessionId=99f143cd7f13e571b848aab53de7e236&#10;&lt;selenium&gt; disconnected from sessionId=99f143cd7f13e571b848aab53de7e236&#10;============================================================&#10;    at X.&lt;anonymous&gt; (/private/var/folders/qr/qn4_v81x63n6kwrsj0rv37b40000gp/T/playwright-java-7035418253109300097/package/lib/server/transport.js:44:16)&#10;    at X.i (/private/var/folders/qr/qn4_v81x63n6kwrsj0rv37b40000gp/T/playwright-java-7035418253109300097/package/lib/utilsBundleImpl.js:38:24151)&#10;    at X.emit (node:events:539:35)&#10;    at fo (/private/var/folders/qr/qn4_v81x63n6kwrsj0rv37b40000gp/T/playwright-java-7035418253109300097/package/lib/utilsBundleImpl.js:38:36211)&#10;    at ClientRequest.&lt;anonymous&gt; (/private/var/folders/qr/qn4_v81x63n6kwrsj0rv37b40000gp/T/playwright-java-7035418253109300097/package/lib/utilsBundleImpl.js:38:34667)&#10;    at ClientRequest.emit (node:events:527:28)&#10;    at Socket.socketErrorListener (node:_http_client:454:9)&#10;    at Socket.emit (node:events:527:28)&#10;    at emitErrorNT (node:internal/streams/destroy:157:8)&#10;    at emitErrorCloseNT (node:internal/streams/destroy:122:3)&#10;}"/>
  </testcase>
  <testcase name="homePageURLTest" classname="com.qa.opencart.tests.HomePageTest" time="0">
    <skipped message="Error {&#10;  message=&apos;WebSocket error: connect ETIMEDOUT 172.18.0.5:4444&#10;=========================== logs ===========================&#10;&lt;selenium&gt; connecting to http://localhost:4444/wd/hub/&#10;&lt;selenium&gt; connected to sessionId=99f143cd7f13e571b848aab53de7e236&#10;&lt;selenium&gt; using selenium v4&#10;&lt;selenium&gt; retrieved endpoint ws://172.18.0.5:4444/session/99f143cd7f13e571b848aab53de7e236/se/cdp for sessionId=99f143cd7f13e571b848aab53de7e236&#10;&lt;ws connecting&gt; ws://172.18.0.5:4444/session/99f143cd7f13e571b848aab53de7e236/se/cdp&#10;&lt;ws error&gt; [object Object]&#10;&lt;ws connect error&gt; ws://172.18.0.5:4444/session/99f143cd7f13e571b848aab53de7e236/se/cdp connect ETIMEDOUT 172.18.0.5:4444&#10;&lt;ws disconnected&gt; ws://172.18.0.5:4444/session/99f143cd7f13e571b848aab53de7e236/se/cdp code=1006 reason=&#10;&lt;selenium&gt; disconnecting from sessionId=99f143cd7f13e571b848aab53de7e236&#10;&lt;selenium&gt; disconnected from sessionId=99f143cd7f13e571b848aab53de7e236&#10;============================================================&#10;  name=&apos;Error&#10;  stack=&apos;Error: WebSocket error: connect ETIMEDOUT 172.18.0.5:4444&#10;=========================== logs ===========================&#10;&lt;selenium&gt; connecting to http://localhost:4444/wd/hub/&#10;&lt;selenium&gt; connected to sessionId=99f143cd7f13e571b848aab53de7e236&#10;&lt;selenium&gt; using selenium v4&#10;&lt;selenium&gt; retrieved endpoint ws://172.18.0.5:4444/session/99f143cd7f13e571b848aab53de7e236/se/cdp for sessionId=99f143cd7f13e571b848aab53de7e236&#10;&lt;ws connecting&gt; ws://172.18.0.5:4444/session/99f143cd7f13e571b848aab53de7e236/se/cdp&#10;&lt;ws error&gt; [object Object]&#10;&lt;ws connect error&gt; ws://172.18.0.5:4444/session/99f143cd7f13e571b848aab53de7e236/se/cdp connect ETIMEDOUT 172.18.0.5:4444&#10;&lt;ws disconnected&gt; ws://172.18.0.5:4444/session/99f143cd7f13e571b848aab53de7e236/se/cdp code=1006 reason=&#10;&lt;selenium&gt; disconnecting from sessionId=99f143cd7f13e571b848aab53de7e236&#10;&lt;selenium&gt; disconnected from sessionId=99f143cd7f13e571b848aab53de7e236&#10;============================================================&#10;    at X.&lt;anonymous&gt; (/private/var/folders/qr/qn4_v81x63n6kwrsj0rv37b40000gp/T/playwright-java-7035418253109300097/package/lib/server/transport.js:44:16)&#10;    at X.i (/private/var/folders/qr/qn4_v81x63n6kwrsj0rv37b40000gp/T/playwright-java-7035418253109300097/package/lib/utilsBundleImpl.js:38:24151)&#10;    at X.emit (node:events:539:35)&#10;    at fo (/private/var/folders/qr/qn4_v81x63n6kwrsj0rv37b40000gp/T/playwright-java-7035418253109300097/package/lib/utilsBundleImpl.js:38:36211)&#10;    at ClientRequest.&lt;anonymous&gt; (/private/var/folders/qr/qn4_v81x63n6kwrsj0rv37b40000gp/T/playwright-java-7035418253109300097/package/lib/utilsBundleImpl.js:38:34667)&#10;    at ClientRequest.emit (node:events:527:28)&#10;    at Socket.socketErrorListener (node:_http_client:454:9)&#10;    at Socket.emit (node:events:527:28)&#10;    at emitErrorNT (node:internal/streams/destroy:157:8)&#10;    at emitErrorCloseNT (node:internal/streams/destroy:122:3)&#10;}"/>
  </testcase>
  <testcase name="searchTest" classname="com.qa.opencart.tests.HomePageTest" time="0">
    <skipped message="Error {&#10;  message=&apos;WebSocket error: connect ETIMEDOUT 172.18.0.5:4444&#10;=========================== logs ===========================&#10;&lt;selenium&gt; connecting to http://localhost:4444/wd/hub/&#10;&lt;selenium&gt; connected to sessionId=99f143cd7f13e571b848aab53de7e236&#10;&lt;selenium&gt; using selenium v4&#10;&lt;selenium&gt; retrieved endpoint ws://172.18.0.5:4444/session/99f143cd7f13e571b848aab53de7e236/se/cdp for sessionId=99f143cd7f13e571b848aab53de7e236&#10;&lt;ws connecting&gt; ws://172.18.0.5:4444/session/99f143cd7f13e571b848aab53de7e236/se/cdp&#10;&lt;ws error&gt; [object Object]&#10;&lt;ws connect error&gt; ws://172.18.0.5:4444/session/99f143cd7f13e571b848aab53de7e236/se/cdp connect ETIMEDOUT 172.18.0.5:4444&#10;&lt;ws disconnected&gt; ws://172.18.0.5:4444/session/99f143cd7f13e571b848aab53de7e236/se/cdp code=1006 reason=&#10;&lt;selenium&gt; disconnecting from sessionId=99f143cd7f13e571b848aab53de7e236&#10;&lt;selenium&gt; disconnected from sessionId=99f143cd7f13e571b848aab53de7e236&#10;============================================================&#10;  name=&apos;Error&#10;  stack=&apos;Error: WebSocket error: connect ETIMEDOUT 172.18.0.5:4444&#10;=========================== logs ===========================&#10;&lt;selenium&gt; connecting to http://localhost:4444/wd/hub/&#10;&lt;selenium&gt; connected to sessionId=99f143cd7f13e571b848aab53de7e236&#10;&lt;selenium&gt; using selenium v4&#10;&lt;selenium&gt; retrieved endpoint ws://172.18.0.5:4444/session/99f143cd7f13e571b848aab53de7e236/se/cdp for sessionId=99f143cd7f13e571b848aab53de7e236&#10;&lt;ws connecting&gt; ws://172.18.0.5:4444/session/99f143cd7f13e571b848aab53de7e236/se/cdp&#10;&lt;ws error&gt; [object Object]&#10;&lt;ws connect error&gt; ws://172.18.0.5:4444/session/99f143cd7f13e571b848aab53de7e236/se/cdp connect ETIMEDOUT 172.18.0.5:4444&#10;&lt;ws disconnected&gt; ws://172.18.0.5:4444/session/99f143cd7f13e571b848aab53de7e236/se/cdp code=1006 reason=&#10;&lt;selenium&gt; disconnecting from sessionId=99f143cd7f13e571b848aab53de7e236&#10;&lt;selenium&gt; disconnected from sessionId=99f143cd7f13e571b848aab53de7e236&#10;============================================================&#10;    at X.&lt;anonymous&gt; (/private/var/folders/qr/qn4_v81x63n6kwrsj0rv37b40000gp/T/playwright-java-7035418253109300097/package/lib/server/transport.js:44:16)&#10;    at X.i (/private/var/folders/qr/qn4_v81x63n6kwrsj0rv37b40000gp/T/playwright-java-7035418253109300097/package/lib/utilsBundleImpl.js:38:24151)&#10;    at X.emit (node:events:539:35)&#10;    at fo (/private/var/folders/qr/qn4_v81x63n6kwrsj0rv37b40000gp/T/playwright-java-7035418253109300097/package/lib/utilsBundleImpl.js:38:36211)&#10;    at ClientRequest.&lt;anonymous&gt; (/private/var/folders/qr/qn4_v81x63n6kwrsj0rv37b40000gp/T/playwright-java-7035418253109300097/package/lib/utilsBundleImpl.js:38:34667)&#10;    at ClientRequest.emit (node:events:527:28)&#10;    at Socket.socketErrorListener (node:_http_client:454:9)&#10;    at Socket.emit (node:events:527:28)&#10;    at emitErrorNT (node:internal/streams/destroy:157:8)&#10;    at emitErrorCloseNT (node:internal/streams/destroy:122:3)&#10;}"/>
  </testcase>
  <testcase name="searchTest" classname="com.qa.opencart.tests.HomePageTest" time="0">
    <skipped message="Error {&#10;  message=&apos;WebSocket error: connect ETIMEDOUT 172.18.0.5:4444&#10;=========================== logs ===========================&#10;&lt;selenium&gt; connecting to http://localhost:4444/wd/hub/&#10;&lt;selenium&gt; connected to sessionId=99f143cd7f13e571b848aab53de7e236&#10;&lt;selenium&gt; using selenium v4&#10;&lt;selenium&gt; retrieved endpoint ws://172.18.0.5:4444/session/99f143cd7f13e571b848aab53de7e236/se/cdp for sessionId=99f143cd7f13e571b848aab53de7e236&#10;&lt;ws connecting&gt; ws://172.18.0.5:4444/session/99f143cd7f13e571b848aab53de7e236/se/cdp&#10;&lt;ws error&gt; [object Object]&#10;&lt;ws connect error&gt; ws://172.18.0.5:4444/session/99f143cd7f13e571b848aab53de7e236/se/cdp connect ETIMEDOUT 172.18.0.5:4444&#10;&lt;ws disconnected&gt; ws://172.18.0.5:4444/session/99f143cd7f13e571b848aab53de7e236/se/cdp code=1006 reason=&#10;&lt;selenium&gt; disconnecting from sessionId=99f143cd7f13e571b848aab53de7e236&#10;&lt;selenium&gt; disconnected from sessionId=99f143cd7f13e571b848aab53de7e236&#10;============================================================&#10;  name=&apos;Error&#10;  stack=&apos;Error: WebSocket error: connect ETIMEDOUT 172.18.0.5:4444&#10;=========================== logs ===========================&#10;&lt;selenium&gt; connecting to http://localhost:4444/wd/hub/&#10;&lt;selenium&gt; connected to sessionId=99f143cd7f13e571b848aab53de7e236&#10;&lt;selenium&gt; using selenium v4&#10;&lt;selenium&gt; retrieved endpoint ws://172.18.0.5:4444/session/99f143cd7f13e571b848aab53de7e236/se/cdp for sessionId=99f143cd7f13e571b848aab53de7e236&#10;&lt;ws connecting&gt; ws://172.18.0.5:4444/session/99f143cd7f13e571b848aab53de7e236/se/cdp&#10;&lt;ws error&gt; [object Object]&#10;&lt;ws connect error&gt; ws://172.18.0.5:4444/session/99f143cd7f13e571b848aab53de7e236/se/cdp connect ETIMEDOUT 172.18.0.5:4444&#10;&lt;ws disconnected&gt; ws://172.18.0.5:4444/session/99f143cd7f13e571b848aab53de7e236/se/cdp code=1006 reason=&#10;&lt;selenium&gt; disconnecting from sessionId=99f143cd7f13e571b848aab53de7e236&#10;&lt;selenium&gt; disconnected from sessionId=99f143cd7f13e571b848aab53de7e236&#10;============================================================&#10;    at X.&lt;anonymous&gt; (/private/var/folders/qr/qn4_v81x63n6kwrsj0rv37b40000gp/T/playwright-java-7035418253109300097/package/lib/server/transport.js:44:16)&#10;    at X.i (/private/var/folders/qr/qn4_v81x63n6kwrsj0rv37b40000gp/T/playwright-java-7035418253109300097/package/lib/utilsBundleImpl.js:38:24151)&#10;    at X.emit (node:events:539:35)&#10;    at fo (/private/var/folders/qr/qn4_v81x63n6kwrsj0rv37b40000gp/T/playwright-java-7035418253109300097/package/lib/utilsBundleImpl.js:38:36211)&#10;    at ClientRequest.&lt;anonymous&gt; (/private/var/folders/qr/qn4_v81x63n6kwrsj0rv37b40000gp/T/playwright-java-7035418253109300097/package/lib/utilsBundleImpl.js:38:34667)&#10;    at ClientRequest.emit (node:events:527:28)&#10;    at Socket.socketErrorListener (node:_http_client:454:9)&#10;    at Socket.emit (node:events:527:28)&#10;    at emitErrorNT (node:internal/streams/destroy:157:8)&#10;    at emitErrorCloseNT (node:internal/streams/destroy:122:3)&#10;}"/>
  </testcase>
  <testcase name="searchTest" classname="com.qa.opencart.tests.HomePageTest" time="0">
    <skipped message="Error {&#10;  message=&apos;WebSocket error: connect ETIMEDOUT 172.18.0.5:4444&#10;=========================== logs ===========================&#10;&lt;selenium&gt; connecting to http://localhost:4444/wd/hub/&#10;&lt;selenium&gt; connected to sessionId=99f143cd7f13e571b848aab53de7e236&#10;&lt;selenium&gt; using selenium v4&#10;&lt;selenium&gt; retrieved endpoint ws://172.18.0.5:4444/session/99f143cd7f13e571b848aab53de7e236/se/cdp for sessionId=99f143cd7f13e571b848aab53de7e236&#10;&lt;ws connecting&gt; ws://172.18.0.5:4444/session/99f143cd7f13e571b848aab53de7e236/se/cdp&#10;&lt;ws error&gt; [object Object]&#10;&lt;ws connect error&gt; ws://172.18.0.5:4444/session/99f143cd7f13e571b848aab53de7e236/se/cdp connect ETIMEDOUT 172.18.0.5:4444&#10;&lt;ws disconnected&gt; ws://172.18.0.5:4444/session/99f143cd7f13e571b848aab53de7e236/se/cdp code=1006 reason=&#10;&lt;selenium&gt; disconnecting from sessionId=99f143cd7f13e571b848aab53de7e236&#10;&lt;selenium&gt; disconnected from sessionId=99f143cd7f13e571b848aab53de7e236&#10;============================================================&#10;  name=&apos;Error&#10;  stack=&apos;Error: WebSocket error: connect ETIMEDOUT 172.18.0.5:4444&#10;=========================== logs ===========================&#10;&lt;selenium&gt; connecting to http://localhost:4444/wd/hub/&#10;&lt;selenium&gt; connected to sessionId=99f143cd7f13e571b848aab53de7e236&#10;&lt;selenium&gt; using selenium v4&#10;&lt;selenium&gt; retrieved endpoint ws://172.18.0.5:4444/session/99f143cd7f13e571b848aab53de7e236/se/cdp for sessionId=99f143cd7f13e571b848aab53de7e236&#10;&lt;ws connecting&gt; ws://172.18.0.5:4444/session/99f143cd7f13e571b848aab53de7e236/se/cdp&#10;&lt;ws error&gt; [object Object]&#10;&lt;ws connect error&gt; ws://172.18.0.5:4444/session/99f143cd7f13e571b848aab53de7e236/se/cdp connect ETIMEDOUT 172.18.0.5:4444&#10;&lt;ws disconnected&gt; ws://172.18.0.5:4444/session/99f143cd7f13e571b848aab53de7e236/se/cdp code=1006 reason=&#10;&lt;selenium&gt; disconnecting from sessionId=99f143cd7f13e571b848aab53de7e236&#10;&lt;selenium&gt; disconnected from sessionId=99f143cd7f13e571b848aab53de7e236&#10;============================================================&#10;    at X.&lt;anonymous&gt; (/private/var/folders/qr/qn4_v81x63n6kwrsj0rv37b40000gp/T/playwright-java-7035418253109300097/package/lib/server/transport.js:44:16)&#10;    at X.i (/private/var/folders/qr/qn4_v81x63n6kwrsj0rv37b40000gp/T/playwright-java-7035418253109300097/package/lib/utilsBundleImpl.js:38:24151)&#10;    at X.emit (node:events:539:35)&#10;    at fo (/private/var/folders/qr/qn4_v81x63n6kwrsj0rv37b40000gp/T/playwright-java-7035418253109300097/package/lib/utilsBundleImpl.js:38:36211)&#10;    at ClientRequest.&lt;anonymous&gt; (/private/var/folders/qr/qn4_v81x63n6kwrsj0rv37b40000gp/T/playwright-java-7035418253109300097/package/lib/utilsBundleImpl.js:38:34667)&#10;    at ClientRequest.emit (node:events:527:28)&#10;    at Socket.socketErrorListener (node:_http_client:454:9)&#10;    at Socket.emit (node:events:527:28)&#10;    at emitErrorNT (node:internal/streams/destroy:157:8)&#10;    at emitErrorCloseNT (node:internal/streams/destroy:122:3)&#10;}"/>
  </testcase>
  <testcase name="loginPageNavigation" classname="com.qa.opencart.tests.LoginPageTest" time="0">
    <skipped message="Error {&#10;  message=&apos;WebSocket error: connect ETIMEDOUT 172.18.0.5:4444&#10;=========================== logs ===========================&#10;&lt;selenium&gt; connecting to http://localhost:4444/wd/hub/&#10;&lt;selenium&gt; connected to sessionId=99f143cd7f13e571b848aab53de7e236&#10;&lt;selenium&gt; using selenium v4&#10;&lt;selenium&gt; retrieved endpoint ws://172.18.0.5:4444/session/99f143cd7f13e571b848aab53de7e236/se/cdp for sessionId=99f143cd7f13e571b848aab53de7e236&#10;&lt;ws connecting&gt; ws://172.18.0.5:4444/session/99f143cd7f13e571b848aab53de7e236/se/cdp&#10;&lt;ws error&gt; [object Object]&#10;&lt;ws connect error&gt; ws://172.18.0.5:4444/session/99f143cd7f13e571b848aab53de7e236/se/cdp connect ETIMEDOUT 172.18.0.5:4444&#10;&lt;ws disconnected&gt; ws://172.18.0.5:4444/session/99f143cd7f13e571b848aab53de7e236/se/cdp code=1006 reason=&#10;&lt;selenium&gt; disconnecting from sessionId=99f143cd7f13e571b848aab53de7e236&#10;&lt;selenium&gt; disconnected from sessionId=99f143cd7f13e571b848aab53de7e236&#10;============================================================&#10;  name=&apos;Error&#10;  stack=&apos;Error: WebSocket error: connect ETIMEDOUT 172.18.0.5:4444&#10;=========================== logs ===========================&#10;&lt;selenium&gt; connecting to http://localhost:4444/wd/hub/&#10;&lt;selenium&gt; connected to sessionId=99f143cd7f13e571b848aab53de7e236&#10;&lt;selenium&gt; using selenium v4&#10;&lt;selenium&gt; retrieved endpoint ws://172.18.0.5:4444/session/99f143cd7f13e571b848aab53de7e236/se/cdp for sessionId=99f143cd7f13e571b848aab53de7e236&#10;&lt;ws connecting&gt; ws://172.18.0.5:4444/session/99f143cd7f13e571b848aab53de7e236/se/cdp&#10;&lt;ws error&gt; [object Object]&#10;&lt;ws connect error&gt; ws://172.18.0.5:4444/session/99f143cd7f13e571b848aab53de7e236/se/cdp connect ETIMEDOUT 172.18.0.5:4444&#10;&lt;ws disconnected&gt; ws://172.18.0.5:4444/session/99f143cd7f13e571b848aab53de7e236/se/cdp code=1006 reason=&#10;&lt;selenium&gt; disconnecting from sessionId=99f143cd7f13e571b848aab53de7e236&#10;&lt;selenium&gt; disconnected from sessionId=99f143cd7f13e571b848aab53de7e236&#10;============================================================&#10;    at X.&lt;anonymous&gt; (/private/var/folders/qr/qn4_v81x63n6kwrsj0rv37b40000gp/T/playwright-java-7035418253109300097/package/lib/server/transport.js:44:16)&#10;    at X.i (/private/var/folders/qr/qn4_v81x63n6kwrsj0rv37b40000gp/T/playwright-java-7035418253109300097/package/lib/utilsBundleImpl.js:38:24151)&#10;    at X.emit (node:events:539:35)&#10;    at fo (/private/var/folders/qr/qn4_v81x63n6kwrsj0rv37b40000gp/T/playwright-java-7035418253109300097/package/lib/utilsBundleImpl.js:38:36211)&#10;    at ClientRequest.&lt;anonymous&gt; (/private/var/folders/qr/qn4_v81x63n6kwrsj0rv37b40000gp/T/playwright-java-7035418253109300097/package/lib/utilsBundleImpl.js:38:34667)&#10;    at ClientRequest.emit (node:events:527:28)&#10;    at Socket.socketErrorListener (node:_http_client:454:9)&#10;    at Socket.emit (node:events:527:28)&#10;    at emitErrorNT (node:internal/streams/destroy:157:8)&#10;    at emitErrorCloseNT (node:internal/streams/destroy:122:3)&#10;}"/>
  </testcase>
  <testcase name="forgotPPwsLinkExistTest" classname="com.qa.opencart.tests.LoginPageTest" time="0">
    <skipped message="Error {&#10;  message=&apos;WebSocket error: connect ETIMEDOUT 172.18.0.5:4444&#10;=========================== logs ===========================&#10;&lt;selenium&gt; connecting to http://localhost:4444/wd/hub/&#10;&lt;selenium&gt; connected to sessionId=99f143cd7f13e571b848aab53de7e236&#10;&lt;selenium&gt; using selenium v4&#10;&lt;selenium&gt; retrieved endpoint ws://172.18.0.5:4444/session/99f143cd7f13e571b848aab53de7e236/se/cdp for sessionId=99f143cd7f13e571b848aab53de7e236&#10;&lt;ws connecting&gt; ws://172.18.0.5:4444/session/99f143cd7f13e571b848aab53de7e236/se/cdp&#10;&lt;ws error&gt; [object Object]&#10;&lt;ws connect error&gt; ws://172.18.0.5:4444/session/99f143cd7f13e571b848aab53de7e236/se/cdp connect ETIMEDOUT 172.18.0.5:4444&#10;&lt;ws disconnected&gt; ws://172.18.0.5:4444/session/99f143cd7f13e571b848aab53de7e236/se/cdp code=1006 reason=&#10;&lt;selenium&gt; disconnecting from sessionId=99f143cd7f13e571b848aab53de7e236&#10;&lt;selenium&gt; disconnected from sessionId=99f143cd7f13e571b848aab53de7e236&#10;============================================================&#10;  name=&apos;Error&#10;  stack=&apos;Error: WebSocket error: connect ETIMEDOUT 172.18.0.5:4444&#10;=========================== logs ===========================&#10;&lt;selenium&gt; connecting to http://localhost:4444/wd/hub/&#10;&lt;selenium&gt; connected to sessionId=99f143cd7f13e571b848aab53de7e236&#10;&lt;selenium&gt; using selenium v4&#10;&lt;selenium&gt; retrieved endpoint ws://172.18.0.5:4444/session/99f143cd7f13e571b848aab53de7e236/se/cdp for sessionId=99f143cd7f13e571b848aab53de7e236&#10;&lt;ws connecting&gt; ws://172.18.0.5:4444/session/99f143cd7f13e571b848aab53de7e236/se/cdp&#10;&lt;ws error&gt; [object Object]&#10;&lt;ws connect error&gt; ws://172.18.0.5:4444/session/99f143cd7f13e571b848aab53de7e236/se/cdp connect ETIMEDOUT 172.18.0.5:4444&#10;&lt;ws disconnected&gt; ws://172.18.0.5:4444/session/99f143cd7f13e571b848aab53de7e236/se/cdp code=1006 reason=&#10;&lt;selenium&gt; disconnecting from sessionId=99f143cd7f13e571b848aab53de7e236&#10;&lt;selenium&gt; disconnected from sessionId=99f143cd7f13e571b848aab53de7e236&#10;============================================================&#10;    at X.&lt;anonymous&gt; (/private/var/folders/qr/qn4_v81x63n6kwrsj0rv37b40000gp/T/playwright-java-7035418253109300097/package/lib/server/transport.js:44:16)&#10;    at X.i (/private/var/folders/qr/qn4_v81x63n6kwrsj0rv37b40000gp/T/playwright-java-7035418253109300097/package/lib/utilsBundleImpl.js:38:24151)&#10;    at X.emit (node:events:539:35)&#10;    at fo (/private/var/folders/qr/qn4_v81x63n6kwrsj0rv37b40000gp/T/playwright-java-7035418253109300097/package/lib/utilsBundleImpl.js:38:36211)&#10;    at ClientRequest.&lt;anonymous&gt; (/private/var/folders/qr/qn4_v81x63n6kwrsj0rv37b40000gp/T/playwright-java-7035418253109300097/package/lib/utilsBundleImpl.js:38:34667)&#10;    at ClientRequest.emit (node:events:527:28)&#10;    at Socket.socketErrorListener (node:_http_client:454:9)&#10;    at Socket.emit (node:events:527:28)&#10;    at emitErrorNT (node:internal/streams/destroy:157:8)&#10;    at emitErrorCloseNT (node:internal/streams/destroy:122:3)&#10;}"/>
  </testcase>
  <testcase name="appLoginTest" classname="com.qa.opencart.tests.LoginPageTest" time="0">
    <skipped message="Error {&#10;  message=&apos;WebSocket error: connect ETIMEDOUT 172.18.0.5:4444&#10;=========================== logs ===========================&#10;&lt;selenium&gt; connecting to http://localhost:4444/wd/hub/&#10;&lt;selenium&gt; connected to sessionId=99f143cd7f13e571b848aab53de7e236&#10;&lt;selenium&gt; using selenium v4&#10;&lt;selenium&gt; retrieved endpoint ws://172.18.0.5:4444/session/99f143cd7f13e571b848aab53de7e236/se/cdp for sessionId=99f143cd7f13e571b848aab53de7e236&#10;&lt;ws connecting&gt; ws://172.18.0.5:4444/session/99f143cd7f13e571b848aab53de7e236/se/cdp&#10;&lt;ws error&gt; [object Object]&#10;&lt;ws connect error&gt; ws://172.18.0.5:4444/session/99f143cd7f13e571b848aab53de7e236/se/cdp connect ETIMEDOUT 172.18.0.5:4444&#10;&lt;ws disconnected&gt; ws://172.18.0.5:4444/session/99f143cd7f13e571b848aab53de7e236/se/cdp code=1006 reason=&#10;&lt;selenium&gt; disconnecting from sessionId=99f143cd7f13e571b848aab53de7e236&#10;&lt;selenium&gt; disconnected from sessionId=99f143cd7f13e571b848aab53de7e236&#10;============================================================&#10;  name=&apos;Error&#10;  stack=&apos;Error: WebSocket error: connect ETIMEDOUT 172.18.0.5:4444&#10;=========================== logs ===========================&#10;&lt;selenium&gt; connecting to http://localhost:4444/wd/hub/&#10;&lt;selenium&gt; connected to sessionId=99f143cd7f13e571b848aab53de7e236&#10;&lt;selenium&gt; using selenium v4&#10;&lt;selenium&gt; retrieved endpoint ws://172.18.0.5:4444/session/99f143cd7f13e571b848aab53de7e236/se/cdp for sessionId=99f143cd7f13e571b848aab53de7e236&#10;&lt;ws connecting&gt; ws://172.18.0.5:4444/session/99f143cd7f13e571b848aab53de7e236/se/cdp&#10;&lt;ws error&gt; [object Object]&#10;&lt;ws connect error&gt; ws://172.18.0.5:4444/session/99f143cd7f13e571b848aab53de7e236/se/cdp connect ETIMEDOUT 172.18.0.5:4444&#10;&lt;ws disconnected&gt; ws://172.18.0.5:4444/session/99f143cd7f13e571b848aab53de7e236/se/cdp code=1006 reason=&#10;&lt;selenium&gt; disconnecting from sessionId=99f143cd7f13e571b848aab53de7e236&#10;&lt;selenium&gt; disconnected from sessionId=99f143cd7f13e571b848aab53de7e236&#10;============================================================&#10;    at X.&lt;anonymous&gt; (/private/var/folders/qr/qn4_v81x63n6kwrsj0rv37b40000gp/T/playwright-java-7035418253109300097/package/lib/server/transport.js:44:16)&#10;    at X.i (/private/var/folders/qr/qn4_v81x63n6kwrsj0rv37b40000gp/T/playwright-java-7035418253109300097/package/lib/utilsBundleImpl.js:38:24151)&#10;    at X.emit (node:events:539:35)&#10;    at fo (/private/var/folders/qr/qn4_v81x63n6kwrsj0rv37b40000gp/T/playwright-java-7035418253109300097/package/lib/utilsBundleImpl.js:38:36211)&#10;    at ClientRequest.&lt;anonymous&gt; (/private/var/folders/qr/qn4_v81x63n6kwrsj0rv37b40000gp/T/playwright-java-7035418253109300097/package/lib/utilsBundleImpl.js:38:34667)&#10;    at ClientRequest.emit (node:events:527:28)&#10;    at Socket.socketErrorListener (node:_http_client:454:9)&#10;    at Socket.emit (node:events:527:28)&#10;    at emitErrorNT (node:internal/streams/destroy:157:8)&#10;    at emitErrorCloseNT (node:internal/streams/destroy:122:3)&#10;}"/>
  </testcase>
  <testcase name="tearDown" classname="com.qa.opencart.tests.HomePageTest" time="0">
    <skipped/>
  </testcase>
</testsuite>