<?xml version="1.0" encoding="UTF-8" ?>
<testsuite tests="10" failures="1" name="TestSuite" time="788.304" errors="0" skipped="9">
  <properties>
[...]
</properties>
  <testcase classname="com.qa.opencart.tests.HomePageTest" name="setup" time="78.822">
    <failure message="Error {
  message=&apos;WebSocket error: connect ETIMEDOUT 172.18.0.5:4444
=========================== logs ===========================
&lt;selenium&gt; connecting to http://localhost:4444/wd/hub/
&lt;selenium&gt; connected to sessionId=5868fa7ee77936bcabe252031a420092
&lt;selenium&gt; using selenium v4
&lt;selenium&gt; retrieved endpoint ws://172.18.0.5:4444/session/5868fa7ee77936bcabe252031a420092/se/cdp for sessionId=5868fa7ee77936bcabe252031a420092
&lt;ws connecting&gt; ws://172.18.0.5:4444/session/5868fa7ee77936bcabe252031a420092/se/cdp
&lt;ws error&gt; [object Object]
&lt;ws connect error&gt; ws://172.18.0.5:4444/session/5868fa7ee77936bcabe252031a420092/se/cdp connect ETIMEDOUT 172.18.0.5:4444
&lt;ws disconnected&gt; ws://172.18.0.5:4444/session/5868fa7ee77936bcabe252031a420092/se/cdp code=1006 reason=
&lt;selenium&gt; disconnecting from sessionId=5868fa7ee77936bcabe252031a420092
&lt;selenium&gt; disconnected from sessionId=5868fa7ee77936bcabe252031a420092
============================================================
  name=&apos;Error
  stack=&apos;Error: WebSocket error: connect ETIMEDOUT 172.18.0.5:4444
=========================== logs ===========================
&lt;selenium&gt; connecting to http://localhost:4444/wd/hub/
&lt;selenium&gt; connected to sessionId=5868fa7ee77936bcabe252031a420092
&lt;selenium&gt; using selenium v4
&lt;selenium&gt; retrieved endpoint ws://172.18.0.5:4444/session/5868fa7ee77936bcabe252031a420092/se/cdp for sessionId=5868fa7ee77936bcabe252031a420092
&lt;ws connecting&gt; ws://172.18.0.5:4444/session/5868fa7ee77936bcabe252031a420092/se/cdp
&lt;ws error&gt; [object Object]
&lt;ws connect error&gt; ws://172.18.0.5:4444/session/5868fa7ee77936bcabe252031a420092/se/cdp connect ETIMEDOUT 172.18.0.5:4444
&lt;ws disconnected&gt; ws://172.18.0.5:4444/session/5868fa7ee77936bcabe252031a420092/se/cdp code=1006 reason=
&lt;selenium&gt; disconnecting from sessionId=5868fa7ee77936bcabe252031a420092
&lt;selenium&gt; disconnected from sessionId=5868fa7ee77936bcabe252031a420092
============================================================
    at X.&lt;anonymous&gt; (/private/var/folders/qr/qn4_v81x63n6kwrsj0rv37b40000gp/T/playwright-java-5678960910736020126/package/lib/server/transport.js:44:16)
    at X.i (/private/var/folders/qr/qn4_v81x63n6kwrsj0rv37b40000gp/T/playwright-java-5678960910736020126/package/lib/utilsBundleImpl.js:38:24151)
    at X.emit (node:events:539:35)
    at fo (/private/var/folders/qr/qn4_v81x63n6kwrsj0rv37b40000gp/T/playwright-java-5678960910736020126/package/lib/utilsBundleImpl.js:38:36211)
    at ClientRequest.&lt;anonymous&gt; (/private/var/folders/qr/qn4_v81x63n6kwrsj0rv37b40000gp/T/playwright-java-5678960910736020126/package/lib/utilsBundleImpl.js:38:34667)
    at ClientRequest.emit (node:events:527:28)
    at Socket.socketErrorListener (node:_http_client:454:9)
    at Socket.emit (node:events:527:28)
    at emitErrorNT (node:internal/streams/destroy:157:8)
    at emitErrorCloseNT (node:internal/streams/destroy:122:3)
}" type="com.microsoft.playwright.PlaywrightException">com.microsoft.playwright.PlaywrightException: Error {
  message=&apos;WebSocket error: connect ETIMEDOUT 172.18.0.5:4444
=========================== logs ===========================
&lt;selenium&gt; connecting to http://localhost:4444/wd/hub/
&lt;selenium&gt; connected to sessionId=5868fa7ee77936bcabe252031a420092
&lt;selenium&gt; using selenium v4
&lt;selenium&gt; retrieved endpoint ws://172.18.0.5:4444/session/5868fa7ee77936bcabe252031a420092/se/cdp for sessionId=5868fa7ee77936bcabe252031a420092
&lt;ws connecting&gt; ws://172.18.0.5:4444/session/5868fa7ee77936bcabe252031a420092/se/cdp
&lt;ws error&gt; [object Object]
&lt;ws connect error&gt; ws://172.18.0.5:4444/session/5868fa7ee77936bcabe252031a420092/se/cdp connect ETIMEDOUT 172.18.0.5:4444
&lt;ws disconnected&gt; ws://172.18.0.5:4444/session/5868fa7ee77936bcabe252031a420092/se/cdp code=1006 reason=
&lt;selenium&gt; disconnecting from sessionId=5868fa7ee77936bcabe252031a420092
&lt;selenium&gt; disconnected from sessionId=5868fa7ee77936bcabe252031a420092
============================================================
  name=&apos;Error
  stack=&apos;Error: WebSocket error: connect ETIMEDOUT 172.18.0.5:4444
=========================== logs ===========================
&lt;selenium&gt; connecting to http://localhost:4444/wd/hub/
&lt;selenium&gt; connected to sessionId=5868fa7ee77936bcabe252031a420092
&lt;selenium&gt; using selenium v4
&lt;selenium&gt; retrieved endpoint ws://172.18.0.5:4444/session/5868fa7ee77936bcabe252031a420092/se/cdp for sessionId=5868fa7ee77936bcabe252031a420092
&lt;ws connecting&gt; ws://172.18.0.5:4444/session/5868fa7ee77936bcabe252031a420092/se/cdp
&lt;ws error&gt; [object Object]
&lt;ws connect error&gt; ws://172.18.0.5:4444/session/5868fa7ee77936bcabe252031a420092/se/cdp connect ETIMEDOUT 172.18.0.5:4444
&lt;ws disconnected&gt; ws://172.18.0.5:4444/session/5868fa7ee77936bcabe252031a420092/se/cdp code=1006 reason=
&lt;selenium&gt; disconnecting from sessionId=5868fa7ee77936bcabe252031a420092
&lt;selenium&gt; disconnected from sessionId=5868fa7ee77936bcabe252031a420092
============================================================
    at X.&lt;anonymous&gt; (/private/var/folders/qr/qn4_v81x63n6kwrsj0rv37b40000gp/T/playwright-java-5678960910736020126/package/lib/server/transport.js:44:16)
    at X.i (/private/var/folders/qr/qn4_v81x63n6kwrsj0rv37b40000gp/T/playwright-java-5678960910736020126/package/lib/utilsBundleImpl.js:38:24151)
    at X.emit (node:events:539:35)
    at fo (/private/var/folders/qr/qn4_v81x63n6kwrsj0rv37b40000gp/T/playwright-java-5678960910736020126/package/lib/utilsBundleImpl.js:38:36211)
    at ClientRequest.&lt;anonymous&gt; (/private/var/folders/qr/qn4_v81x63n6kwrsj0rv37b40000gp/T/playwright-java-5678960910736020126/package/lib/utilsBundleImpl.js:38:34667)
    at ClientRequest.emit (node:events:527:28)
    at Socket.socketErrorListener (node:_http_client:454:9)
    at Socket.emit (node:events:527:28)
    at emitErrorNT (node:internal/streams/destroy:157:8)
    at emitErrorCloseNT (node:internal/streams/destroy:122:3)
}
	at com.microsoft.playwright.impl.WaitableResult.get(WaitableResult.java:54)
	at com.microsoft.playwright.impl.ChannelOwner.runUntil(ChannelOwner.java:103)
	at com.microsoft.playwright.impl.Connection.sendMessage(Connection.java:108)
	at com.microsoft.playwright.impl.ChannelOwner.sendMessage(ChannelOwner.java:94)
	at com.microsoft.playwright.impl.BrowserTypeImpl.launchImpl(BrowserTypeImpl.java:52)
	at com.microsoft.playwright.impl.BrowserTypeImpl.lambda$launch$0(BrowserTypeImpl.java:44)
	at com.microsoft.playwright.impl.LoggingSupport.withLogging(LoggingSupport.java:47)
	at com.microsoft.playwright.impl.ChannelOwner.withLogging(ChannelOwner.java:79)
	at com.microsoft.playwright.impl.BrowserTypeImpl.launch(BrowserTypeImpl.java:44)
	at com.microsoft.playwright.impl.BrowserTypeImpl.launch(BrowserTypeImpl.java:35)
	at com.qa.opencart.factory.PlaywrightFactory.initBrowser(PlaywrightFactory.java:54)
	at com.qa.opencart.base.BaseTest.setup(BaseTest.java:26)
	at java.base/jdk.internal.reflect.NativeMethodAccessorImpl.invoke0(Native Method)
	at java.base/jdk.internal.reflect.NativeMethodAccessorImpl.invoke(NativeMethodAccessorImpl.java:62)
	at java.base/jdk.internal.reflect.DelegatingMethodAccessorImpl.invoke(DelegatingMethodAccessorImpl.java:43)
	at java.base/java.lang.reflect.Method.invoke(Method.java:567)
	at org.testng.internal.MethodInvocationHelper.invokeMethod(MethodInvocationHelper.java:124)
	at org.testng.internal.MethodInvocationHelper.invokeMethodConsideringTimeout(MethodInvocationHelper.java:59)
	at org.testng.internal.Invoker.invokeConfigurationMethod(Invoker.java:458)
	at org.testng.internal.Invoker.invokeConfigurations(Invoker.java:222)
	at org.testng.internal.Invoker.invokeConfigurations(Invoker.java:142)
	at org.testng.TestRunner.beforeRun(TestRunner.java:529)
	at org.testng.TestRunner.run(TestRunner.java:497)
	at org.testng.SuiteRunner.runTest(SuiteRunner.java:455)
	at org.testng.SuiteRunner.runSequentially(SuiteRunner.java:450)
	at org.testng.SuiteRunner.privateRun(SuiteRunner.java:415)
	at org.testng.SuiteRunner.run(SuiteRunner.java:364)
	at org.testng.SuiteRunnerWorker.runSuite(SuiteRunnerWorker.java:52)
	at org.testng.SuiteRunnerWorker.run(SuiteRunnerWorker.java:84)
	at org.testng.TestNG.runSuitesSequentially(TestNG.java:1208)
	at org.testng.TestNG.runSuitesLocally(TestNG.java:1137)
	at org.testng.TestNG.runSuites(TestNG.java:1049)
	at org.testng.TestNG.run(TestNG.java:1017)
	at org.apache.maven.surefire.testng.TestNGExecutor.run(TestNGExecutor.java:77)
	at org.apache.maven.surefire.testng.TestNGDirectoryTestSuite.executeMulti(TestNGDirectoryTestSuite.java:159)
	at org.apache.maven.surefire.testng.TestNGDirectoryTestSuite.execute(TestNGDirectoryTestSuite.java:99)
	at org.apache.maven.surefire.testng.TestNGProvider.invoke(TestNGProvider.java:106)
	at java.base/jdk.internal.reflect.NativeMethodAccessorImpl.invoke0(Native Method)
	at java.base/jdk.internal.reflect.NativeMethodAccessorImpl.invoke(NativeMethodAccessorImpl.java:62)
	at java.base/jdk.internal.reflect.DelegatingMethodAccessorImpl.invoke(DelegatingMethodAccessorImpl.java:43)
	at java.base/java.lang.reflect.Method.invoke(Method.java:567)
	at org.apache.maven.surefire.util.ReflectionUtils.invokeMethodWithArray(ReflectionUtils.java:189)
	at org.apache.maven.surefire.booter.ProviderFactory$ProviderProxy.invoke(ProviderFactory.java:165)
	at org.apache.maven.surefire.booter.ProviderFactory.invokeProvider(ProviderFactory.java:85)
	at org.apache.maven.surefire.booter.ForkedBooter.runSuitesInProcess(ForkedBooter.java:115)
	at org.apache.maven.surefire.booter.ForkedBooter.main(ForkedBooter.java:75)
Caused by: com.microsoft.playwright.impl.DriverException: Error {
  message=&apos;WebSocket error: connect ETIMEDOUT 172.18.0.5:4444
=========================== logs ===========================
&lt;selenium&gt; connecting to http://localhost:4444/wd/hub/
&lt;selenium&gt; connected to sessionId=5868fa7ee77936bcabe252031a420092
&lt;selenium&gt; using selenium v4
&lt;selenium&gt; retrieved endpoint ws://172.18.0.5:4444/session/5868fa7ee77936bcabe252031a420092/se/cdp for sessionId=5868fa7ee77936bcabe252031a420092
&lt;ws connecting&gt; ws://172.18.0.5:4444/session/5868fa7ee77936bcabe252031a420092/se/cdp
&lt;ws error&gt; [object Object]
&lt;ws connect error&gt; ws://172.18.0.5:4444/session/5868fa7ee77936bcabe252031a420092/se/cdp connect ETIMEDOUT 172.18.0.5:4444
&lt;ws disconnected&gt; ws://172.18.0.5:4444/session/5868fa7ee77936bcabe252031a420092/se/cdp code=1006 reason=
&lt;selenium&gt; disconnecting from sessionId=5868fa7ee77936bcabe252031a420092
&lt;selenium&gt; disconnected from sessionId=5868fa7ee77936bcabe252031a420092
============================================================
  name=&apos;Error
  stack=&apos;Error: WebSocket error: connect ETIMEDOUT 172.18.0.5:4444
=========================== logs ===========================
&lt;selenium&gt; connecting to http://localhost:4444/wd/hub/
&lt;selenium&gt; connected to sessionId=5868fa7ee77936bcabe252031a420092
&lt;selenium&gt; using selenium v4
&lt;selenium&gt; retrieved endpoint ws://172.18.0.5:4444/session/5868fa7ee77936bcabe252031a420092/se/cdp for sessionId=5868fa7ee77936bcabe252031a420092
&lt;ws connecting&gt; ws://172.18.0.5:4444/session/5868fa7ee77936bcabe252031a420092/se/cdp
&lt;ws error&gt; [object Object]
&lt;ws connect error&gt; ws://172.18.0.5:4444/session/5868fa7ee77936bcabe252031a420092/se/cdp connect ETIMEDOUT 172.18.0.5:4444
&lt;ws disconnected&gt; ws://172.18.0.5:4444/session/5868fa7ee77936bcabe252031a420092/se/cdp code=1006 reason=
&lt;selenium&gt; disconnecting from sessionId=5868fa7ee77936bcabe252031a420092
&lt;selenium&gt; disconnected from sessionId=5868fa7ee77936bcabe252031a420092
============================================================
    at X.&lt;anonymous&gt; (/private/var/folders/qr/qn4_v81x63n6kwrsj0rv37b40000gp/T/playwright-java-5678960910736020126/package/lib/server/transport.js:44:16)
    at X.i (/private/var/folders/qr/qn4_v81x63n6kwrsj0rv37b40000gp/T/playwright-java-5678960910736020126/package/lib/utilsBundleImpl.js:38:24151)
    at X.emit (node:events:539:35)
    at fo (/private/var/folders/qr/qn4_v81x63n6kwrsj0rv37b40000gp/T/playwright-java-5678960910736020126/package/lib/utilsBundleImpl.js:38:36211)
    at ClientRequest.&lt;anonymous&gt; (/private/var/folders/qr/qn4_v81x63n6kwrsj0rv37b40000gp/T/playwright-java-5678960910736020126/package/lib/utilsBundleImpl.js:38:34667)
    at ClientRequest.emit (node:events:527:28)
    at Socket.socketErrorListener (node:_http_client:454:9)
    at Socket.emit (node:events:527:28)
    at emitErrorNT (node:internal/streams/destroy:157:8)
    at emitErrorCloseNT (node:internal/streams/destroy:122:3)
}
	at com.microsoft.playwright.impl.Connection.dispatch(Connection.java:190)
	at com.microsoft.playwright.impl.Connection.processOneMessage(Connection.java:170)
	at com.microsoft.playwright.impl.ChannelOwner.runUntil(ChannelOwner.java:101)
	... 44 more
Caused by: com.microsoft.playwright.impl.DriverException: Error {
  message=&apos;WebSocket error: connect ETIMEDOUT 172.18.0.5:4444
=========================== logs ===========================
&lt;selenium&gt; connecting to http://localhost:4444/wd/hub/
&lt;selenium&gt; connected to sessionId=5868fa7ee77936bcabe252031a420092
&lt;selenium&gt; using selenium v4
&lt;selenium&gt; retrieved endpoint ws://172.18.0.5:4444/session/5868fa7ee77936bcabe252031a420092/se/cdp for sessionId=5868fa7ee77936bcabe252031a420092
&lt;ws connecting&gt; ws://172.18.0.5:4444/session/5868fa7ee77936bcabe252031a420092/se/cdp
&lt;ws error&gt; [object Object]
&lt;ws connect error&gt; ws://172.18.0.5:4444/session/5868fa7ee77936bcabe252031a420092/se/cdp connect ETIMEDOUT 172.18.0.5:4444
&lt;ws disconnected&gt; ws://172.18.0.5:4444/session/5868fa7ee77936bcabe252031a420092/se/cdp code=1006 reason=
&lt;selenium&gt; disconnecting from sessionId=5868fa7ee77936bcabe252031a420092
&lt;selenium&gt; disconnected from sessionId=5868fa7ee77936bcabe252031a420092
============================================================
  name=&apos;Error
  stack=&apos;Error: WebSocket error: connect ETIMEDOUT 172.18.0.5:4444
=========================== logs ===========================
&lt;selenium&gt; connecting to http://localhost:4444/wd/hub/
&lt;selenium&gt; connected to sessionId=5868fa7ee77936bcabe252031a420092
&lt;selenium&gt; using selenium v4
&lt;selenium&gt; retrieved endpoint ws://172.18.0.5:4444/session/5868fa7ee77936bcabe252031a420092/se/cdp for sessionId=5868fa7ee77936bcabe252031a420092
&lt;ws connecting&gt; ws://172.18.0.5:4444/session/5868fa7ee77936bcabe252031a420092/se/cdp
&lt;ws error&gt; [object Object]
&lt;ws connect error&gt; ws://172.18.0.5:4444/session/5868fa7ee77936bcabe252031a420092/se/cdp connect ETIMEDOUT 172.18.0.5:4444
&lt;ws disconnected&gt; ws://172.18.0.5:4444/session/5868fa7ee77936bcabe252031a420092/se/cdp code=1006 reason=
&lt;selenium&gt; disconnecting from sessionId=5868fa7ee77936bcabe252031a420092
&lt;selenium&gt; disconnected from sessionId=5868fa7ee77936bcabe252031a420092
============================================================
    at X.&lt;anonymous&gt; (/private/var/folders/qr/qn4_v81x63n6kwrsj0rv37b40000gp/T/playwright-java-5678960910736020126/package/lib/server/transport.js:44:16)
    at X.i (/private/var/folders/qr/qn4_v81x63n6kwrsj0rv37b40000gp/T/playwright-java-5678960910736020126/package/lib/utilsBundleImpl.js:38:24151)
    at X.emit (node:events:539:35)
    at fo (/private/var/folders/qr/qn4_v81x63n6kwrsj0rv37b40000gp/T/playwright-java-5678960910736020126/package/lib/utilsBundleImpl.js:38:36211)
    at ClientRequest.&lt;anonymous&gt; (/private/var/folders/qr/qn4_v81x63n6kwrsj0rv37b40000gp/T/playwright-java-5678960910736020126/package/lib/utilsBundleImpl.js:38:34667)
    at ClientRequest.emit (node:events:527:28)
    at Socket.socketErrorListener (node:_http_client:454:9)
    at Socket.emit (node:events:527:28)
    at emitErrorNT (node:internal/streams/destroy:157:8)
    at emitErrorCloseNT (node:internal/streams/destroy:122:3)
}
	at com.microsoft.playwright.impl.Connection.dispatch(Connection.java:190)
	at com.microsoft.playwright.impl.Connection.processOneMessage(Connection.java:170)
	at com.microsoft.playwright.impl.ChannelOwner.runUntil(ChannelOwner.java:101)
	... 44 more
</failure>
    <system-out>Configuring TestNG with: org.apache.maven.surefire.testng.conf.TestNG652Configurator@1761e840
browser name is : chromium
</system-out>
  </testcase>
  <testcase classname="com.qa.opencart.tests.HomePageTest" name="homePageTitleTest" time="78.829">
    <skipped/>
  </testcase>
  <testcase classname="com.qa.opencart.tests.HomePageTest" name="homePageURLTest" time="78.83">
    <skipped/>
  </testcase>
  <testcase classname="com.qa.opencart.tests.HomePageTest" name="searchTest" time="78.831">
    <skipped/>
  </testcase>
  <testcase classname="com.qa.opencart.tests.HomePageTest" name="searchTest" time="78.831">
    <skipped/>
  </testcase>
  <testcase classname="com.qa.opencart.tests.HomePageTest" name="searchTest" time="78.831">
    <skipped/>
  </testcase>
  <testcase classname="com.qa.opencart.tests.LoginPageTest" name="loginPageNavigation" time="78.832">
    <skipped/>
  </testcase>
  <testcase classname="com.qa.opencart.tests.LoginPageTest" name="forgotPPwsLinkExistTest" time="78.832">
    <skipped/>
  </testcase>
  <testcase classname="com.qa.opencart.tests.LoginPageTest" name="appLoginTest" time="78.833">
    <skipped/>
  </testcase>
  <testcase classname="com.qa.opencart.tests.HomePageTest" name="tearDown" time="78.833">
    <skipped/>
  </testcase>
</testsuite>