<?xml version="1.0" encoding="UTF-8"?>
<testng-results ignored="0" total="8" passed="8" failed="0" skipped="0">
  <reporter-output>
  </reporter-output>
  <suite started-at="2023-03-07T03:28:15Z" name="Open Cart Test Regression PW Suite" finished-at="2023-03-07T03:28:23Z" duration-ms="8702">
    <groups>
    </groups>
    <test started-at="2023-03-07T03:28:15Z" name="Open Cart Login Page Test" finished-at="2023-03-07T03:28:23Z" duration-ms="8636">
      <class name="com.qa.opencart.tests.LoginPageTest">
        <test-method is-config="true" signature="setup()[pri:0, instance:com.qa.opencart.tests.LoginPageTest@1a4013]" started-at="2023-03-07T03:28:15Z" name="setup" finished-at="2023-03-07T03:28:22Z" duration-ms="6923" status="PASS">
          <reporter-output>
          </reporter-output>
        </test-method> <!-- setup -->
        <test-method signature="loginPageNavigation()[pri:1, instance:com.qa.opencart.tests.LoginPageTest@1a4013]" started-at="2023-03-07T03:28:22Z" name="loginPageNavigation" finished-at="2023-03-07T03:28:22Z" duration-ms="558" status="PASS">
          <reporter-output>
          </reporter-output>
        </test-method> <!-- loginPageNavigation -->
        <test-method signature="forgotPPwsLinkExistTest()[pri:2, instance:com.qa.opencart.tests.LoginPageTest@1a4013]" started-at="2023-03-07T03:28:22Z" name="forgotPPwsLinkExistTest" finished-at="2023-03-07T03:28:22Z" duration-ms="28" status="PASS">
          <reporter-output>
          </reporter-output>
        </test-method> <!-- forgotPPwsLinkExistTest -->
        <test-method signature="appLoginTest()[pri:3, instance:com.qa.opencart.tests.LoginPageTest@1a4013]" started-at="2023-03-07T03:28:22Z" name="appLoginTest" finished-at="2023-03-07T03:28:23Z" duration-ms="822" status="PASS">
          <reporter-output>
          </reporter-output>
        </test-method> <!-- appLoginTest -->
        <test-method is-config="true" signature="tearDown()[pri:0, instance:com.qa.opencart.tests.LoginPageTest@1a4013]" started-at="2023-03-07T03:28:23Z" name="tearDown" finished-at="2023-03-07T03:28:23Z" duration-ms="294" status="PASS">
          <reporter-output>
          </reporter-output>
        </test-method> <!-- tearDown -->
      </class> <!-- com.qa.opencart.tests.LoginPageTest -->
    </test> <!-- Open Cart Login Page Test -->
    <test started-at="2023-03-07T03:28:15Z" name="Open Cart Home Page Test" finished-at="2023-03-07T03:28:23Z" duration-ms="8702">
      <class name="com.qa.opencart.tests.HomePageTest">
        <test-method is-config="true" signature="setup()[pri:0, instance:com.qa.opencart.tests.HomePageTest@3e6ef8ad]" started-at="2023-03-07T03:28:15Z" name="setup" finished-at="2023-03-07T03:28:22Z" duration-ms="6793" status="PASS">
          <reporter-output>
          </reporter-output>
        </test-method> <!-- setup -->
        <test-method signature="homePageTitleTest()[pri:0, instance:com.qa.opencart.tests.HomePageTest@3e6ef8ad]" started-at="2023-03-07T03:28:22Z" name="homePageTitleTest" finished-at="2023-03-07T03:28:22Z" duration-ms="21" status="PASS">
          <reporter-output>
          </reporter-output>
        </test-method> <!-- homePageTitleTest -->
        <test-method signature="homePageURLTest()[pri:0, instance:com.qa.opencart.tests.HomePageTest@3e6ef8ad]" started-at="2023-03-07T03:28:22Z" name="homePageURLTest" finished-at="2023-03-07T03:28:22Z" duration-ms="4" status="PASS">
          <reporter-output>
          </reporter-output>
        </test-method> <!-- homePageURLTest -->
        <test-method signature="searchTest(java.lang.String)[pri:0, instance:com.qa.opencart.tests.HomePageTest@3e6ef8ad]" started-at="2023-03-07T03:28:22Z" name="searchTest" data-provider="getProductData" finished-at="2023-03-07T03:28:22Z" duration-ms="558" status="PASS">
          <params>
            <param index="0">
              <value>
                <![CDATA[Macbook]]>
              </value>
            </param>
          </params>
          <reporter-output>
          </reporter-output>
        </test-method> <!-- searchTest -->
        <test-method signature="searchTest(java.lang.String)[pri:0, instance:com.qa.opencart.tests.HomePageTest@3e6ef8ad]" started-at="2023-03-07T03:28:22Z" name="searchTest" data-provider="getProductData" finished-at="2023-03-07T03:28:23Z" duration-ms="549" status="PASS">
          <params>
            <param index="0">
              <value>
                <![CDATA[iMac]]>
              </value>
            </param>
          </params>
          <reporter-output>
          </reporter-output>
        </test-method> <!-- searchTest -->
        <test-method signature="searchTest(java.lang.String)[pri:0, instance:com.qa.opencart.tests.HomePageTest@3e6ef8ad]" started-at="2023-03-07T03:28:23Z" name="searchTest" data-provider="getProductData" finished-at="2023-03-07T03:28:23Z" duration-ms="504" status="PASS">
          <params>
            <param index="0">
              <value>
                <![CDATA[Samsung]]>
              </value>
            </param>
          </params>
          <reporter-output>
          </reporter-output>
        </test-method> <!-- searchTest -->
        <test-method is-config="true" signature="tearDown()[pri:0, instance:com.qa.opencart.tests.HomePageTest@3e6ef8ad]" started-at="2023-03-07T03:28:23Z" name="tearDown" finished-at="2023-03-07T03:28:23Z" duration-ms="245" status="PASS">
          <reporter-output>
          </reporter-output>
        </test-method> <!-- tearDown -->
      </class> <!-- com.qa.opencart.tests.HomePageTest -->
    </test> <!-- Open Cart Home Page Test -->
  </suite> <!-- Open Cart Test Regression PW Suite -->
</testng-results>
